Building DAG of jobs...
Using shell: /usr/bin/bash
Provided cores: 1 (use --cores to define parallelism)
Rules claiming more threads will be scaled down.
Job stats:
job                   count
------------------  -------
run_python_command        1
total                     1

Select jobs to execute...

[Wed Dec 20 17:07:18 2023]
rule run_python_command:
    output: output.txt
    jobid: 0
    reason: Missing output files: output.txt
    resources: tmpdir=/tmp

RuleException in rule run_python_command in file /nfs/nfs9/home/nobackup/gogandhi/snakemake/Snakefile, line 31:
AttributeError: type object 'datetime.datetime' has no attribute 'now()', when formatting the following:

        # Use Python within the shell command
        python -c "print('Hello, SnakeMake!')"
        
        # Access Python variables
        python -c "print(f'Current date: {datetime.now()}')"
        
